TN:
SF:src/adapters/primary/formatters/HtmlFormatter.ts
FN:5,(anonymous_8)
FN:10,(anonymous_9)
FNF:2
FNH:2
FNDA:2,(anonymous_8)
FNDA:1,(anonymous_9)
DA:1,1
DA:2,1
DA:5,1
DA:6,2
DA:9,1
DA:11,1
DA:12,1
DA:13,1
LF:8
LH:8
BRF:0
BRH:0
end_of_record
TN:
SF:src/adapters/secondary/gateways/mongo-database/MongoDatabaseProvider.ts
FN:8,(anonymous_7)
FN:13,(anonymous_8)
FN:17,(anonymous_10)
FN:21,(anonymous_12)
FN:25,(anonymous_13)
FN:28,(anonymous_15)
FN:28,(anonymous_16)
FN:30,(anonymous_17)
FNF:8
FNH:8
FNDA:1,(anonymous_7)
FNDA:1,(anonymous_8)
FNDA:1,(anonymous_10)
FNDA:1,(anonymous_12)
FNDA:1,(anonymous_13)
FNDA:2,(anonymous_15)
FNDA:2,(anonymous_16)
FNDA:4,(anonymous_17)
DA:2,1
DA:4,1
DA:9,1
DA:10,1
DA:14,1
DA:18,1
DA:22,1
DA:26,1
DA:27,1
DA:28,2
DA:29,2
DA:30,4
DA:39,1
LF:13
LH:13
BRF:0
BRH:0
end_of_record
TN:
SF:src/adapters/secondary/gateways/mongo-database/MongoDatabaseProviderStub.ts
FN:4,(anonymous_7)
FN:8,(anonymous_8)
FN:12,(anonymous_10)
FN:16,(anonymous_12)
FN:19,(anonymous_13)
FN:23,(anonymous_15)
FN:27,(anonymous_16)
FNF:7
FNH:7
FNDA:16,(anonymous_7)
FNDA:16,(anonymous_8)
FNDA:14,(anonymous_10)
FNDA:12,(anonymous_12)
FNDA:16,(anonymous_13)
FNDA:16,(anonymous_15)
FNDA:12,(anonymous_16)
DA:4,2
DA:5,16
DA:6,16
DA:9,16
DA:13,14
DA:17,12
DA:20,16
DA:24,16
DA:28,12
LF:9
LH:9
BRF:0
BRH:0
end_of_record
TN:
SF:src/hexagon/use-cases/CompareIndexes.ts
FN:6,(anonymous_7)
FN:11,(anonymous_8)
FN:28,(anonymous_10)
FN:33,(anonymous_11)
FN:41,(anonymous_12)
FN:44,(anonymous_13)
FN:51,(anonymous_14)
FN:79,(anonymous_15)
FN:83,(anonymous_16)
FNF:9
FNH:9
FNDA:6,(anonymous_7)
FNDA:6,(anonymous_8)
FNDA:1,(anonymous_10)
FNDA:6,(anonymous_11)
FNDA:4,(anonymous_12)
FNDA:4,(anonymous_13)
FNDA:8,(anonymous_14)
FNDA:15,(anonymous_15)
FNDA:6,(anonymous_16)
DA:5,1
DA:7,6
DA:8,6
DA:12,6
DA:13,6
DA:16,6
DA:18,6
DA:19,6
DA:21,6
DA:28,6
DA:29,1
DA:39,6
DA:41,6
DA:42,4
DA:44,6
DA:45,4
DA:48,6
DA:57,8
DA:58,8
DA:59,2
DA:60,1
DA:61,1
DA:62,1
DA:63,1
DA:65,1
DA:68,6
DA:80,15
DA:84,6
LF:28
LH:28
BRDA:58,0,0,2
BRDA:58,0,1,6
BRDA:59,1,0,1
BRDA:59,1,1,1
BRF:4
BRH:4
end_of_record
TN:
SF:src/hexagon/use-cases/RedundantIndexes.ts
FN:6,(anonymous_7)
FN:7,(anonymous_8)
FN:17,(anonymous_10)
FN:18,(anonymous_11)
FN:19,(anonymous_12)
FN:23,(anonymous_13)
FN:44,(anonymous_14)
FN:48,(anonymous_15)
FN:54,(anonymous_16)
FN:55,(anonymous_17)
FNF:10
FNH:10
FNDA:4,(anonymous_7)
FNDA:4,(anonymous_8)
FNDA:2,(anonymous_10)
FNDA:7,(anonymous_11)
FNDA:29,(anonymous_12)
FNDA:6,(anonymous_13)
FNDA:22,(anonymous_14)
FNDA:32,(anonymous_15)
FNDA:2,(anonymous_16)
FNDA:7,(anonymous_17)
DA:5,1
DA:6,4
DA:8,4
DA:10,4
DA:11,4
DA:13,2
DA:15,2
DA:17,2
DA:18,2
DA:19,7
DA:20,29
DA:21,22
DA:22,6
DA:23,6
DA:25,6
DA:26,2
DA:28,4
DA:40,2
DA:41,2
DA:45,22
DA:46,22
DA:47,22
DA:49,32
DA:55,2
DA:56,7
DA:57,2
DA:59,7
DA:60,7
LF:28
LH:28
BRDA:11,0,0,2
BRDA:20,1,0,7
BRDA:21,2,0,6
BRDA:25,3,0,2
BRDA:25,3,1,4
BRDA:56,4,0,2
BRF:6
BRH:6
end_of_record
TN:
SF:test/helpers/buildIndex.test.ts
FN:1,(anonymous_0)
FNF:1
FNH:1
FNDA:22,(anonymous_0)
DA:1,2
DA:5,22
LF:2
LH:2
BRDA:6,0,0,5
BRDA:6,0,1,17
BRDA:6,1,0,22
BRDA:6,1,1,22
BRDA:7,2,0,8
BRDA:7,2,1,14
BRDA:7,3,0,22
BRDA:7,3,1,22
BRF:8
BRH:8
end_of_record
