TN:
SF:src/adapters/primary/cli/cli.ts
FN:11,(anonymous_1)
FN:34,(anonymous_2)
FNF:2
FNH:0
FNDA:0,(anonymous_1)
FNDA:0,(anonymous_2)
DA:3,0
DA:4,0
DA:5,0
DA:7,0
DA:12,0
DA:35,0
LF:6
LH:0
BRF:0
BRH:0
end_of_record
TN:
SF:src/adapters/primary/cli/handlers.ts
FN:9,(anonymous_8)
FN:15,(anonymous_9)
FN:31,(anonymous_10)
FN:36,(anonymous_11)
FNF:4
FNH:4
FNDA:1,(anonymous_8)
FNDA:1,(anonymous_9)
FNDA:1,(anonymous_10)
FNDA:1,(anonymous_11)
DA:2,1
DA:3,1
DA:4,1
DA:5,1
DA:6,1
DA:7,1
DA:9,1
DA:15,1
DA:16,1
DA:17,1
DA:18,1
DA:22,1
DA:23,1
DA:24,1
DA:25,1
DA:26,1
DA:28,1
DA:31,1
DA:36,1
DA:37,1
DA:38,1
DA:39,1
DA:40,1
DA:41,1
DA:42,1
DA:43,0
DA:45,1
DA:48,1
LF:28
LH:27
BRDA:25,0,0,1
BRDA:42,1,0,0
BRF:2
BRH:1
end_of_record
TN:
SF:src/adapters/primary/reporters/HtmlReporter.ts
FN:5,(anonymous_8)
FN:10,(anonymous_9)
FN:12,(anonymous_10)
FNF:3
FNH:3
FNDA:4,(anonymous_8)
FNDA:3,(anonymous_9)
FNDA:3,(anonymous_10)
DA:1,2
DA:2,2
DA:5,2
DA:6,4
DA:9,2
DA:10,3
DA:13,3
DA:14,3
DA:15,3
LF:9
LH:9
BRF:0
BRH:0
end_of_record
TN:
SF:src/adapters/secondary/gateways/mongo-database/MongoDatabaseProvider.ts
FN:9,(anonymous_7)
FN:14,(anonymous_8)
FN:18,(anonymous_10)
FN:22,(anonymous_12)
FN:26,(anonymous_13)
FN:31,(anonymous_15)
FNF:6
FNH:6
FNDA:4,(anonymous_7)
FNDA:4,(anonymous_8)
FNDA:4,(anonymous_10)
FNDA:3,(anonymous_12)
FNDA:4,(anonymous_13)
FNDA:12,(anonymous_15)
DA:2,2
DA:5,2
DA:10,4
DA:11,4
DA:15,4
DA:19,4
DA:23,3
DA:27,4
DA:28,4
DA:29,4
DA:30,5
DA:31,12
DA:39,4
LF:13
LH:13
BRF:0
BRH:0
end_of_record
TN:
SF:src/adapters/secondary/gateways/mongo-database/MongoDatabaseProviderStub.ts
FN:4,(anonymous_7)
FN:9,(anonymous_8)
FN:13,(anonymous_10)
FN:17,(anonymous_12)
FN:20,(anonymous_13)
FN:24,(anonymous_15)
FN:28,(anonymous_16)
FN:32,(anonymous_17)
FNF:8
FNH:8
FNDA:19,(anonymous_7)
FNDA:19,(anonymous_8)
FNDA:19,(anonymous_10)
FNDA:14,(anonymous_12)
FNDA:19,(anonymous_13)
FNDA:19,(anonymous_15)
FNDA:14,(anonymous_16)
FNDA:3,(anonymous_17)
DA:4,2
DA:5,19
DA:6,19
DA:7,19
DA:10,19
DA:14,19
DA:18,14
DA:21,19
DA:25,19
DA:29,14
DA:33,3
LF:11
LH:11
BRF:0
BRH:0
end_of_record
TN:
SF:src/hexagon/use-cases/CompareIndexes.ts
FN:6,(anonymous_7)
FN:11,(anonymous_8)
FN:28,(anonymous_10)
FN:33,(anonymous_11)
FN:41,(anonymous_12)
FN:42,(anonymous_13)
FN:47,(anonymous_14)
FN:48,(anonymous_15)
FN:56,(anonymous_16)
FN:84,(anonymous_17)
FN:88,(anonymous_18)
FNF:11
FNH:11
FNDA:8,(anonymous_7)
FNDA:8,(anonymous_8)
FNDA:1,(anonymous_10)
FNDA:8,(anonymous_11)
FNDA:6,(anonymous_12)
FNDA:7,(anonymous_13)
FNDA:6,(anonymous_14)
FNDA:6,(anonymous_15)
FNDA:13,(anonymous_16)
FNDA:25,(anonymous_17)
FNDA:8,(anonymous_18)
DA:5,2
DA:7,8
DA:8,8
DA:12,8
DA:13,8
DA:16,8
DA:18,8
DA:19,8
DA:21,8
DA:28,8
DA:29,1
DA:39,8
DA:41,8
DA:42,6
DA:43,7
DA:47,8
DA:48,6
DA:49,6
DA:53,8
DA:62,13
DA:63,13
DA:64,4
DA:65,1
DA:66,1
DA:67,1
DA:68,1
DA:70,3
DA:73,9
DA:85,25
DA:89,8
LF:30
LH:30
BRDA:63,0,0,4
BRDA:63,0,1,9
BRDA:64,1,0,1
BRDA:64,1,1,3
BRF:4
BRH:4
end_of_record
TN:
SF:src/hexagon/use-cases/RedundantIndexes.ts
FN:6,(anonymous_7)
FN:7,(anonymous_8)
FN:17,(anonymous_10)
FN:20,(anonymous_11)
FN:21,(anonymous_12)
FN:22,(anonymous_13)
FN:26,(anonymous_14)
FN:46,(anonymous_15)
FN:50,(anonymous_16)
FN:57,(anonymous_17)
FN:58,(anonymous_18)
FNF:11
FNH:9
FNDA:6,(anonymous_7)
FNDA:6,(anonymous_8)
FNDA:6,(anonymous_10)
FNDA:4,(anonymous_11)
FNDA:12,(anonymous_12)
FNDA:50,(anonymous_13)
FNDA:6,(anonymous_14)
FNDA:38,(anonymous_15)
FNDA:49,(anonymous_16)
FNDA:0,(anonymous_17)
FNDA:0,(anonymous_18)
DA:5,2
DA:6,6
DA:8,6
DA:10,6
DA:11,6
DA:13,6
DA:14,6
DA:18,6
DA:20,6
DA:21,4
DA:22,12
DA:23,50
DA:24,38
DA:25,7
DA:26,6
DA:28,7
DA:29,2
DA:31,5
DA:43,6
DA:47,38
DA:48,38
DA:49,38
DA:51,49
DA:58,0
DA:59,0
DA:60,0
DA:62,0
DA:63,0
LF:28
LH:23
BRDA:23,0,0,12
BRDA:24,1,0,7
BRDA:28,2,0,2
BRDA:28,2,1,5
BRDA:51,3,0,49
BRDA:51,3,1,30
BRDA:59,4,0,0
BRF:7
BRH:6
end_of_record
